Oct-21 16:06:08.369 [main] DEBUG nextflow.cli.Launcher - $> nextflow run main.nf -resume
Oct-21 16:06:08.513 [main] DEBUG nextflow.cli.CmdRun - N E X T F L O W  ~  version 25.04.8
Oct-21 16:06:08.533 [main] DEBUG nextflow.plugin.PluginsFacade - Setting up plugin manager > mode=prod; embedded=false; plugins-dir=/u/home/r/rgorzek/.nextflow/plugins; core-plugins: nf-amazon@2.15.0-patch2,nf-azure@1.16.0-patch1,nf-cloudcache@0.4.3,nf-codecommit@0.2.3,nf-console@1.2.1,nf-google@1.21.1,nf-k8s@1.0.1,nf-tower@1.11.4-patch2,nf-wave@1.12.1
Oct-21 16:06:08.557 [main] INFO  o.pf4j.DefaultPluginStatusProvider - Enabled plugins: []
Oct-21 16:06:08.559 [main] INFO  o.pf4j.DefaultPluginStatusProvider - Disabled plugins: []
Oct-21 16:06:08.563 [main] INFO  org.pf4j.DefaultPluginManager - PF4J version 3.12.0 in 'deployment' mode
Oct-21 16:06:08.576 [main] INFO  org.pf4j.AbstractPluginManager - No plugins
Oct-21 16:06:08.600 [main] DEBUG nextflow.config.ConfigBuilder - Found config local: /u/scratch/r/rgorzek/intergenome/nextflow.config
Oct-21 16:06:08.602 [main] DEBUG nextflow.config.ConfigBuilder - Parsing config file: /u/scratch/r/rgorzek/intergenome/nextflow.config
Oct-21 16:06:08.635 [main] DEBUG n.secret.LocalSecretsProvider - Secrets store: /u/home/r/rgorzek/.nextflow/secrets/store.json
Oct-21 16:06:08.638 [main] DEBUG nextflow.secret.SecretsLoader - Discovered secrets providers: [nextflow.secret.LocalSecretsProvider@512d4583] - activable => nextflow.secret.LocalSecretsProvider@512d4583
Oct-21 16:06:08.645 [main] DEBUG nextflow.config.ConfigBuilder - Applying config profile: `standard`
Oct-21 16:06:09.191 [main] DEBUG nextflow.cli.CmdRun - Applied DSL=2 from script declaration
Oct-21 16:06:09.205 [main] DEBUG nextflow.cli.CmdRun - Launching `main.nf` [adoring_agnesi] DSL2 - revision: 52b0300bdd
Oct-21 16:06:09.207 [main] DEBUG nextflow.plugin.PluginsFacade - Plugins default=[]
Oct-21 16:06:09.207 [main] DEBUG nextflow.plugin.PluginsFacade - Plugins resolved requirement=[]
Oct-21 16:06:09.252 [main] DEBUG nextflow.Session - Session UUID: 90d01f3c-8d82-4eda-b358-82312c110432
Oct-21 16:06:09.253 [main] DEBUG nextflow.Session - Run name: adoring_agnesi
Oct-21 16:06:09.253 [main] DEBUG nextflow.Session - Executor pool size: 2
Oct-21 16:06:09.260 [main] DEBUG nextflow.file.FilePorter - File porter settings maxRetries=3; maxTransfers=50; pollTimeout=null
Oct-21 16:06:09.265 [main] DEBUG nextflow.util.ThreadPoolBuilder - Creating thread pool 'FileTransfer' minSize=10; maxSize=10; workQueue=LinkedBlockingQueue[-1]; allowCoreThreadTimeout=false
Oct-21 16:06:09.331 [main] DEBUG nextflow.cli.CmdRun - 
  Version: 25.04.8 build 5956
  Created: 06-10-2025 21:19 UTC (14:19 PDT)
  System: Linux 3.10.0-1160.108.1.el7.x86_64
  Runtime: Groovy 4.0.26 on Java HotSpot(TM) 64-Bit Server VM 17.0.12+8-LTS-286
  Encoding: UTF-8 (ANSI_X3.4-1968)
  Process: 11904@n1863 [172.16.132.84]
  CPUs: 2 - Mem: 188.6 GB (106.3 GB) - Swap: 1.9 GB (1.8 GB)
Oct-21 16:06:09.389 [main] DEBUG nextflow.Session - Work-dir: /u/scratch/r/rgorzek/intergenome/work [nfs]
Oct-21 16:06:09.390 [main] DEBUG nextflow.Session - Script base path does not exist or is not a directory: /u/scratch/r/rgorzek/intergenome/bin
Oct-21 16:06:09.398 [main] DEBUG nextflow.executor.ExecutorFactory - Extension executors providers=[]
Oct-21 16:06:09.407 [main] DEBUG nextflow.Session - Observer factory: DefaultObserverFactory
Oct-21 16:06:09.412 [main] DEBUG nextflow.Session - Observer factory (v2): LinObserverFactory
Oct-21 16:06:09.433 [main] DEBUG nextflow.cache.CacheFactory - Using Nextflow cache factory: nextflow.cache.DefaultCacheFactory
Oct-21 16:06:09.441 [main] DEBUG nextflow.util.CustomThreadPool - Creating default thread pool > poolSize: 3; maxThreads: 1000
Oct-21 16:06:09.543 [main] DEBUG nextflow.Session - Session start
Oct-21 16:06:10.122 [main] DEBUG nextflow.script.ScriptRunner - > Launching execution
Oct-21 16:06:10.286 [main] DEBUG nextflow.executor.ExecutorFactory - << taskConfig executor: local
Oct-21 16:06:10.287 [main] DEBUG nextflow.executor.ExecutorFactory - >> processorType: 'local'
Oct-21 16:06:10.292 [main] DEBUG nextflow.executor.Executor - [warm up] executor > local
Oct-21 16:06:10.298 [main] DEBUG n.processor.LocalPollingMonitor - Creating local task monitor for executor 'local' > cpus=2; memory=188.6 GB; capacity=2; pollInterval=100ms; dumpInterval=5m
Oct-21 16:06:10.300 [main] DEBUG n.processor.TaskPollingMonitor - >>> barrier register (monitor: local)
Oct-21 16:06:10.356 [main] DEBUG nextflow.processor.TaskProcessor - Creating process 'DOWNLOAD_FASTQ': maxForks=0; fair=false; array=0
Oct-21 16:06:10.391 [main] DEBUG nextflow.executor.ExecutorFactory - << taskConfig executor: local
Oct-21 16:06:10.392 [main] DEBUG nextflow.executor.ExecutorFactory - >> processorType: 'local'
Oct-21 16:06:10.392 [main] DEBUG nextflow.processor.TaskProcessor - Creating process 'PREP_REF': maxForks=0; fair=false; array=0
Oct-21 16:06:10.395 [main] DEBUG nextflow.Session - Workflow process names [dsl2]: DOWNLOAD_FASTQ, PREP_REF
Oct-21 16:06:10.397 [main] DEBUG nextflow.Session - Igniting dataflow network (3)
Oct-21 16:06:10.405 [main] DEBUG nextflow.processor.TaskProcessor - Starting process > DOWNLOAD_FASTQ
Oct-21 16:06:10.405 [main] DEBUG nextflow.processor.TaskProcessor - Starting process > PREP_REF
Oct-21 16:06:10.406 [main] DEBUG nextflow.script.ScriptRunner - Parsed script files:
  Script_b4828c8ff76a2d23: /u/scratch/r/rgorzek/intergenome/main.nf
Oct-21 16:06:10.406 [main] DEBUG nextflow.script.ScriptRunner - > Awaiting termination 
Oct-21 16:06:10.406 [main] DEBUG nextflow.Session - Session await
Oct-21 16:06:10.710 [Task submitter] DEBUG n.executor.local.LocalTaskHandler - Launch cmd line: /bin/bash -ue .command.run
Oct-21 16:06:10.712 [Task submitter] INFO  nextflow.Session - [5e/0c2cee] Submitted process > DOWNLOAD_FASTQ (U01_Lein/Opossum)
Oct-21 16:06:10.753 [Task submitter] DEBUG n.executor.local.LocalTaskHandler - Launch cmd line: /bin/bash -ue .command.run
Oct-21 16:06:10.753 [Task submitter] INFO  nextflow.Session - [ec/f45052] Submitted process > PREP_REF (ASM229v1)
Oct-21 16:07:55.714 [Task monitor] DEBUG n.processor.TaskPollingMonitor - Task completed > TaskHandler[id: 1; name: PREP_REF (ASM229v1); status: COMPLETED; exit: 0; error: -; workDir: /u/scratch/r/rgorzek/intergenome/work/ec/f45052e3c6718a39ddf18afb645587]
Oct-21 16:07:55.776 [Task monitor] DEBUG nextflow.util.ThreadPoolBuilder - Creating thread pool 'TaskFinalizer' minSize=10; maxSize=10; workQueue=LinkedBlockingQueue[-1]; allowCoreThreadTimeout=false
Oct-21 16:07:55.838 [TaskFinalizer-1] DEBUG nextflow.util.ThreadPoolBuilder - Creating thread pool 'PublishDir' minSize=10; maxSize=10; workQueue=LinkedBlockingQueue[-1]; allowCoreThreadTimeout=false
Oct-21 16:11:10.473 [Task monitor] DEBUG n.processor.TaskPollingMonitor - !! executor local > tasks to be completed: 1 -- submitted tasks are shown below
~> TaskHandler[id: 2; name: DOWNLOAD_FASTQ (U01_Lein/Opossum); status: RUNNING; exit: -; error: -; workDir: /u/scratch/r/rgorzek/intergenome/work/5e/0c2cee7d4ece34d35ee935157280d8]
Oct-21 16:16:10.543 [Task monitor] DEBUG n.processor.TaskPollingMonitor - !! executor local > tasks to be completed: 1 -- submitted tasks are shown below
~> TaskHandler[id: 2; name: DOWNLOAD_FASTQ (U01_Lein/Opossum); status: RUNNING; exit: -; error: -; workDir: /u/scratch/r/rgorzek/intergenome/work/5e/0c2cee7d4ece34d35ee935157280d8]
Oct-21 16:21:10.572 [Task monitor] DEBUG n.processor.TaskPollingMonitor - !! executor local > tasks to be completed: 1 -- submitted tasks are shown below
~> TaskHandler[id: 2; name: DOWNLOAD_FASTQ (U01_Lein/Opossum); status: RUNNING; exit: -; error: -; workDir: /u/scratch/r/rgorzek/intergenome/work/5e/0c2cee7d4ece34d35ee935157280d8]
Oct-21 16:26:10.651 [Task monitor] DEBUG n.processor.TaskPollingMonitor - !! executor local > tasks to be completed: 1 -- submitted tasks are shown below
~> TaskHandler[id: 2; name: DOWNLOAD_FASTQ (U01_Lein/Opossum); status: RUNNING; exit: -; error: -; workDir: /u/scratch/r/rgorzek/intergenome/work/5e/0c2cee7d4ece34d35ee935157280d8]
Oct-21 16:30:54.873 [Task monitor] DEBUG n.processor.TaskPollingMonitor - Task completed > TaskHandler[id: 2; name: DOWNLOAD_FASTQ (U01_Lein/Opossum); status: COMPLETED; exit: 0; error: -; workDir: /u/scratch/r/rgorzek/intergenome/work/5e/0c2cee7d4ece34d35ee935157280d8]
Oct-21 16:30:54.884 [main] DEBUG nextflow.Session - Session await > all processes finished
Oct-21 16:30:54.973 [Task monitor] DEBUG n.processor.TaskPollingMonitor - <<< barrier arrives (monitor: local) - terminating tasks monitor poll loop
Oct-21 16:30:54.973 [main] DEBUG nextflow.Session - Session await > all barriers passed
Oct-21 16:30:54.976 [main] DEBUG nextflow.util.ThreadPoolManager - Thread pool 'TaskFinalizer' shutdown completed (hard=false)
Oct-21 16:30:59.542 [main] DEBUG nextflow.util.ThreadPoolManager - Thread pool 'PublishDir' shutdown completed (hard=false)
Oct-21 16:30:59.553 [main] DEBUG n.trace.WorkflowStatsObserver - Workflow completed > WorkflowStats[succeededCount=2; failedCount=0; ignoredCount=0; cachedCount=0; pendingCount=0; submittedCount=0; runningCount=0; retriesCount=0; abortedCount=0; succeedDuration=26m 29s; failedDuration=0ms; cachedDuration=0ms;loadCpus=0; loadMemory=0; peakRunning=2; peakCpus=2; peakMemory=0; ]
Oct-21 16:30:59.679 [main] DEBUG nextflow.cache.CacheDB - Closing CacheDB done
Oct-21 16:30:59.720 [main] DEBUG nextflow.util.ThreadPoolManager - Thread pool 'FileTransfer' shutdown completed (hard=false)
Oct-21 16:30:59.720 [main] DEBUG nextflow.script.ScriptRunner - > Execution complete -- Goodbye
